{"/Users/leighbarnes/Documents/01.Development/Personal/rural/dist/index.test.js":{"path":"/Users/leighbarnes/Documents/01.Development/Personal/rural/dist/index.test.js","s":{"1":1,"2":1,"3":1,"4":1,"5":1,"6":1,"7":1,"8":1,"9":0,"10":0,"11":0,"12":0,"13":0,"14":0,"15":0,"16":0,"17":0,"18":0,"19":1,"20":1,"21":1,"22":1,"23":1,"24":1,"25":1,"26":1,"27":1,"28":1,"29":1,"30":1,"31":1,"32":1,"33":1,"34":1,"35":1,"36":1,"37":1,"38":1,"39":1,"40":1,"41":1,"42":1,"43":1,"44":1,"45":1},"b":{"1":[1,0],"2":[1,1],"3":[1,0],"4":[1,1],"5":[0,0],"6":[0,0],"7":[0,0],"8":[0,0],"9":[0,0],"10":[0,0]},"f":{"1":1,"2":1},"fnMap":{"1":{"name":"_interopRequireDefault","line":9,"loc":{"start":{"line":9,"column":0},"end":{"line":9,"column":37}}},"2":{"name":"_interopRequireWildcard","line":11,"loc":{"start":{"line":11,"column":0},"end":{"line":11,"column":38}}}},"statementMap":{"1":{"start":{"line":3,"column":0},"end":{"line":3,"column":28}},"2":{"start":{"line":5,"column":0},"end":{"line":5,"column":57}},"3":{"start":{"line":7,"column":0},"end":{"line":7,"column":63}},"4":{"start":{"line":9,"column":0},"end":{"line":9,"column":95}},"5":{"start":{"line":9,"column":39},"end":{"line":9,"column":93}},"6":{"start":{"line":11,"column":0},"end":{"line":11,"column":472}},"7":{"start":{"line":11,"column":40},"end":{"line":11,"column":470}},"8":{"start":{"line":11,"column":69},"end":{"line":11,"column":80}},"9":{"start":{"line":11,"column":90},"end":{"line":11,"column":106}},"10":{"start":{"line":11,"column":107},"end":{"line":11,"column":431}},"11":{"start":{"line":11,"column":126},"end":{"line":11,"column":429}},"12":{"start":{"line":11,"column":149},"end":{"line":11,"column":427}},"13":{"start":{"line":11,"column":203},"end":{"line":11,"column":320}},"14":{"start":{"line":11,"column":321},"end":{"line":11,"column":425}},"15":{"start":{"line":11,"column":349},"end":{"line":11,"column":390}},"16":{"start":{"line":11,"column":400},"end":{"line":11,"column":423}},"17":{"start":{"line":11,"column":432},"end":{"line":11,"column":453}},"18":{"start":{"line":11,"column":454},"end":{"line":11,"column":468}},"19":{"start":{"line":18,"column":0},"end":{"line":23,"column":3}},"20":{"start":{"line":19,"column":2},"end":{"line":22,"column":5}},"21":{"start":{"line":20,"column":4},"end":{"line":20,"column":39}},"22":{"start":{"line":21,"column":4},"end":{"line":21,"column":45}},"23":{"start":{"line":28,"column":0},"end":{"line":37,"column":3}},"24":{"start":{"line":29,"column":2},"end":{"line":32,"column":5}},"25":{"start":{"line":30,"column":4},"end":{"line":30,"column":38}},"26":{"start":{"line":31,"column":4},"end":{"line":31,"column":45}},"27":{"start":{"line":33,"column":2},"end":{"line":36,"column":5}},"28":{"start":{"line":34,"column":4},"end":{"line":34,"column":43}},"29":{"start":{"line":35,"column":4},"end":{"line":35,"column":57}},"30":{"start":{"line":42,"column":0},"end":{"line":63,"column":3}},"31":{"start":{"line":43,"column":2},"end":{"line":46,"column":5}},"32":{"start":{"line":44,"column":4},"end":{"line":44,"column":52}},"33":{"start":{"line":45,"column":4},"end":{"line":45,"column":62}},"34":{"start":{"line":47,"column":2},"end":{"line":50,"column":5}},"35":{"start":{"line":48,"column":4},"end":{"line":48,"column":48}},"36":{"start":{"line":49,"column":4},"end":{"line":49,"column":56}},"37":{"start":{"line":51,"column":2},"end":{"line":54,"column":5}},"38":{"start":{"line":52,"column":4},"end":{"line":52,"column":49}},"39":{"start":{"line":53,"column":4},"end":{"line":53,"column":57}},"40":{"start":{"line":55,"column":2},"end":{"line":58,"column":5}},"41":{"start":{"line":56,"column":4},"end":{"line":56,"column":58}},"42":{"start":{"line":57,"column":4},"end":{"line":57,"column":48}},"43":{"start":{"line":59,"column":2},"end":{"line":62,"column":5}},"44":{"start":{"line":60,"column":4},"end":{"line":60,"column":58}},"45":{"start":{"line":61,"column":4},"end":{"line":61,"column":57}}},"branchMap":{"1":{"line":9,"type":"cond-expr","locations":[{"start":{"line":9,"column":70},"end":{"line":9,"column":73}},{"start":{"line":9,"column":76},"end":{"line":9,"column":92}}]},"2":{"line":9,"type":"binary-expr","locations":[{"start":{"line":9,"column":46},"end":{"line":9,"column":49}},{"start":{"line":9,"column":53},"end":{"line":9,"column":67}}]},"3":{"line":11,"type":"if","locations":[{"start":{"line":11,"column":40},"end":{"line":11,"column":40}},{"start":{"line":11,"column":40},"end":{"line":11,"column":40}}]},"4":{"line":11,"type":"binary-expr","locations":[{"start":{"line":11,"column":44},"end":{"line":11,"column":47}},{"start":{"line":11,"column":51},"end":{"line":11,"column":65}}]},"5":{"line":11,"type":"if","locations":[{"start":{"line":11,"column":107},"end":{"line":11,"column":107}},{"start":{"line":11,"column":107},"end":{"line":11,"column":107}}]},"6":{"line":11,"type":"if","locations":[{"start":{"line":11,"column":149},"end":{"line":11,"column":149}},{"start":{"line":11,"column":149},"end":{"line":11,"column":149}}]},"7":{"line":11,"type":"cond-expr","locations":[{"start":{"line":11,"column":273},"end":{"line":11,"column":314}},{"start":{"line":11,"column":317},"end":{"line":11,"column":319}}]},"8":{"line":11,"type":"binary-expr","locations":[{"start":{"line":11,"column":214},"end":{"line":11,"column":235}},{"start":{"line":11,"column":239},"end":{"line":11,"column":270}}]},"9":{"line":11,"type":"if","locations":[{"start":{"line":11,"column":321},"end":{"line":11,"column":321}},{"start":{"line":11,"column":321},"end":{"line":11,"column":321}}]},"10":{"line":11,"type":"binary-expr","locations":[{"start":{"line":11,"column":325},"end":{"line":11,"column":333}},{"start":{"line":11,"column":337},"end":{"line":11,"column":345}}]}}},"/Users/leighbarnes/Documents/01.Development/Personal/rural/dist/index.js":{"path":"/Users/leighbarnes/Documents/01.Development/Personal/rural/dist/index.js","s":{"1":1,"2":1,"3":1,"4":1,"5":1,"6":1,"7":1,"8":250,"9":1,"10":0,"11":1,"12":0,"13":0,"14":0,"15":0,"16":0,"17":0,"18":0,"19":0,"20":0,"21":0,"22":0,"23":0,"24":0,"25":0,"26":0,"27":0,"28":0,"29":1,"30":250,"31":250,"32":1,"33":1,"34":1,"35":1,"36":3,"37":3,"38":3,"39":3,"40":2,"41":1,"42":1,"43":0,"44":1,"45":1,"46":1,"47":0,"48":0,"49":0,"50":0,"51":0,"52":0,"53":1,"54":1,"55":1,"56":0,"57":1,"58":1,"59":1,"60":250,"61":250,"62":250,"63":250,"64":1,"65":1,"66":0,"67":0,"68":0,"69":0,"70":0,"71":1,"72":0,"73":0,"74":0,"75":0,"76":0,"77":0,"78":0,"79":0,"80":0,"81":0,"82":1,"83":0,"84":0,"85":0,"86":0,"87":0,"88":0,"89":0,"90":0,"91":0,"92":0,"93":0,"94":0,"95":1,"96":5,"97":0,"98":5,"99":5,"100":697,"101":5,"102":2,"103":3,"104":3},"b":{"1":[250,0,0],"2":[0,0],"3":[0,0],"4":[0,0],"5":[0,0],"6":[0,0],"7":[250,0],"8":[1,2],"9":[3,1],"10":[0,3],"11":[3,0],"12":[0,3],"13":[3,0],"14":[2,1],"15":[0,1],"16":[1,0],"17":[0,0],"18":[0,0],"19":[0,1],"20":[1,0],"21":[1,249],"22":[0,0],"23":[0,0],"24":[0,0],"25":[0,0],"26":[0,0],"27":[0,0],"28":[0,0],"29":[0,0,0,0],"30":[0,5],"31":[2,3]},"f":{"1":250,"2":0,"3":0,"4":250,"5":3,"6":1,"7":0,"8":0,"9":5},"fnMap":{"1":{"name":"_slicedToArray","line":12,"loc":{"start":{"line":12,"column":0},"end":{"line":12,"column":32}}},"2":{"name":"_nonIterableRest","line":14,"loc":{"start":{"line":14,"column":0},"end":{"line":14,"column":28}}},"3":{"name":"_iterableToArrayLimit","line":16,"loc":{"start":{"line":16,"column":0},"end":{"line":16,"column":39}}},"4":{"name":"_arrayWithHoles","line":18,"loc":{"start":{"line":18,"column":0},"end":{"line":18,"column":30}}},"5":{"name":"_default","line":45,"loc":{"start":{"line":45,"column":0},"end":{"line":45,"column":20}}},"6":{"name":"Iso","line":86,"loc":{"start":{"line":86,"column":0},"end":{"line":86,"column":35}}},"7":{"name":"Name","line":128,"loc":{"start":{"line":128,"column":0},"end":{"line":128,"column":36}}},"8":{"name":"rawset","line":156,"loc":{"start":{"line":156,"column":0},"end":{"line":156,"column":22}}},"9":{"name":"currencyCode","line":182,"loc":{"start":{"line":182,"column":0},"end":{"line":182,"column":28}}}},"statementMap":{"1":{"start":{"line":3,"column":0},"end":{"line":5,"column":3}},"2":{"start":{"line":6,"column":0},"end":{"line":6,"column":27}},"3":{"start":{"line":7,"column":0},"end":{"line":7,"column":37}},"4":{"start":{"line":8,"column":0},"end":{"line":8,"column":40}},"5":{"start":{"line":9,"column":0},"end":{"line":9,"column":43}},"6":{"start":{"line":10,"column":0},"end":{"line":10,"column":60}},"7":{"start":{"line":12,"column":0},"end":{"line":12,"column":119}},"8":{"start":{"line":12,"column":34},"end":{"line":12,"column":117}},"9":{"start":{"line":14,"column":0},"end":{"line":14,"column":108}},"10":{"start":{"line":14,"column":30},"end":{"line":14,"column":106}},"11":{"start":{"line":16,"column":0},"end":{"line":16,"column":409}},"12":{"start":{"line":16,"column":41},"end":{"line":16,"column":55}},"13":{"start":{"line":16,"column":56},"end":{"line":16,"column":70}},"14":{"start":{"line":16,"column":71},"end":{"line":16,"column":86}},"15":{"start":{"line":16,"column":87},"end":{"line":16,"column":106}},"16":{"start":{"line":16,"column":107},"end":{"line":16,"column":394}},"17":{"start":{"line":16,"column":113},"end":{"line":16,"column":256}},"18":{"start":{"line":16,"column":199},"end":{"line":16,"column":219}},"19":{"start":{"line":16,"column":220},"end":{"line":16,"column":254}},"20":{"start":{"line":16,"column":248},"end":{"line":16,"column":254}},"21":{"start":{"line":16,"column":273},"end":{"line":16,"column":283}},"22":{"start":{"line":16,"column":284},"end":{"line":16,"column":293}},"23":{"start":{"line":16,"column":306},"end":{"line":16,"column":392}},"24":{"start":{"line":16,"column":312},"end":{"line":16,"column":360}},"25":{"start":{"line":16,"column":345},"end":{"line":16,"column":360}},"26":{"start":{"line":16,"column":373},"end":{"line":16,"column":390}},"27":{"start":{"line":16,"column":381},"end":{"line":16,"column":390}},"28":{"start":{"line":16,"column":395},"end":{"line":16,"column":407}},"29":{"start":{"line":18,"column":0},"end":{"line":18,"column":69}},"30":{"start":{"line":18,"column":32},"end":{"line":18,"column":67}},"31":{"start":{"line":18,"column":56},"end":{"line":18,"column":67}},"32":{"start":{"line":27,"column":0},"end":{"line":27,"column":55}},"33":{"start":{"line":29,"column":0},"end":{"line":29,"column":63}},"34":{"start":{"line":31,"column":0},"end":{"line":31,"column":51}},"35":{"start":{"line":45,"column":0},"end":{"line":76,"column":1}},"36":{"start":{"line":46,"column":2},"end":{"line":46,"column":93}},"37":{"start":{"line":47,"column":2},"end":{"line":47,"column":87}},"38":{"start":{"line":48,"column":2},"end":{"line":48,"column":88}},"39":{"start":{"line":50,"column":2},"end":{"line":65,"column":3}},"40":{"start":{"line":51,"column":4},"end":{"line":51,"column":21}},"41":{"start":{"line":53,"column":4},"end":{"line":53,"column":41}},"42":{"start":{"line":55,"column":4},"end":{"line":64,"column":5}},"43":{"start":{"line":57,"column":6},"end":{"line":57,"column":34}},"44":{"start":{"line":58,"column":11},"end":{"line":64,"column":5}},"45":{"start":{"line":60,"column":6},"end":{"line":60,"column":37}},"46":{"start":{"line":61,"column":6},"end":{"line":61,"column":37}},"47":{"start":{"line":63,"column":6},"end":{"line":63,"column":87}},"48":{"start":{"line":69,"column":2},"end":{"line":74,"column":3}},"49":{"start":{"line":70,"column":4},"end":{"line":70,"column":50}},"50":{"start":{"line":71,"column":4},"end":{"line":71,"column":40}},"51":{"start":{"line":72,"column":4},"end":{"line":72,"column":62}},"52":{"start":{"line":73,"column":4},"end":{"line":73,"column":38}},"53":{"start":{"line":86,"column":0},"end":{"line":120,"column":1}},"54":{"start":{"line":88,"column":2},"end":{"line":88,"column":37}},"55":{"start":{"line":90,"column":2},"end":{"line":110,"column":3}},"56":{"start":{"line":91,"column":4},"end":{"line":91,"column":41}},"57":{"start":{"line":92,"column":9},"end":{"line":110,"column":3}},"58":{"start":{"line":94,"column":4},"end":{"line":94,"column":18}},"59":{"start":{"line":96,"column":4},"end":{"line":105,"column":5}},"60":{"start":{"line":97,"column":6},"end":{"line":97,"column":42}},"61":{"start":{"line":99,"column":6},"end":{"line":99,"column":27}},"62":{"start":{"line":100,"column":6},"end":{"line":100,"column":28}},"63":{"start":{"line":102,"column":6},"end":{"line":104,"column":7}},"64":{"start":{"line":103,"column":8},"end":{"line":103,"column":24}},"65":{"start":{"line":107,"column":4},"end":{"line":107,"column":16}},"66":{"start":{"line":109,"column":4},"end":{"line":109,"column":82}},"67":{"start":{"line":114,"column":2},"end":{"line":118,"column":3}},"68":{"start":{"line":115,"column":4},"end":{"line":115,"column":22}},"69":{"start":{"line":116,"column":4},"end":{"line":116,"column":25}},"70":{"start":{"line":117,"column":4},"end":{"line":117,"column":31}},"71":{"start":{"line":128,"column":0},"end":{"line":149,"column":1}},"72":{"start":{"line":130,"column":2},"end":{"line":130,"column":37}},"73":{"start":{"line":132,"column":2},"end":{"line":140,"column":3}},"74":{"start":{"line":133,"column":4},"end":{"line":133,"column":37}},"75":{"start":{"line":134,"column":9},"end":{"line":140,"column":3}},"76":{"start":{"line":135,"column":4},"end":{"line":135,"column":43}},"77":{"start":{"line":137,"column":4},"end":{"line":137,"column":33}},"78":{"start":{"line":139,"column":4},"end":{"line":139,"column":93}},"79":{"start":{"line":144,"column":2},"end":{"line":147,"column":3}},"80":{"start":{"line":145,"column":4},"end":{"line":145,"column":22}},"81":{"start":{"line":146,"column":4},"end":{"line":146,"column":25}},"82":{"start":{"line":156,"column":0},"end":{"line":180,"column":1}},"83":{"start":{"line":157,"column":2},"end":{"line":179,"column":3}},"84":{"start":{"line":158,"column":4},"end":{"line":158,"column":39}},"85":{"start":{"line":160,"column":4},"end":{"line":176,"column":5}},"86":{"start":{"line":162,"column":8},"end":{"line":162,"column":25}},"87":{"start":{"line":163,"column":8},"end":{"line":163,"column":14}},"88":{"start":{"line":166,"column":8},"end":{"line":166,"column":29}},"89":{"start":{"line":167,"column":8},"end":{"line":167,"column":14}},"90":{"start":{"line":170,"column":8},"end":{"line":170,"column":25}},"91":{"start":{"line":171,"column":8},"end":{"line":171,"column":14}},"92":{"start":{"line":174,"column":8},"end":{"line":174,"column":102}},"93":{"start":{"line":175,"column":8},"end":{"line":175,"column":14}},"94":{"start":{"line":178,"column":4},"end":{"line":178,"column":98}},"95":{"start":{"line":182,"column":0},"end":{"line":210,"column":1}},"96":{"start":{"line":183,"column":2},"end":{"line":185,"column":3}},"97":{"start":{"line":184,"column":4},"end":{"line":184,"column":17}},"98":{"start":{"line":187,"column":2},"end":{"line":187,"column":42}},"99":{"start":{"line":188,"column":2},"end":{"line":190,"column":5}},"100":{"start":{"line":189,"column":4},"end":{"line":189,"column":51}},"101":{"start":{"line":192,"column":2},"end":{"line":197,"column":3}},"102":{"start":{"line":193,"column":4},"end":{"line":196,"column":6}},"103":{"start":{"line":199,"column":2},"end":{"line":208,"column":4}},"104":{"start":{"line":209,"column":2},"end":{"line":209,"column":23}}},"branchMap":{"1":{"line":12,"type":"binary-expr","locations":[{"start":{"line":12,"column":41},"end":{"line":12,"column":61}},{"start":{"line":12,"column":65},"end":{"line":12,"column":94}},{"start":{"line":12,"column":98},"end":{"line":12,"column":116}}]},"2":{"line":16,"type":"if","locations":[{"start":{"line":16,"column":220},"end":{"line":16,"column":220}},{"start":{"line":16,"column":220},"end":{"line":16,"column":220}}]},"3":{"line":16,"type":"binary-expr","locations":[{"start":{"line":16,"column":224},"end":{"line":16,"column":225}},{"start":{"line":16,"column":229},"end":{"line":16,"column":246}}]},"4":{"line":16,"type":"if","locations":[{"start":{"line":16,"column":312},"end":{"line":16,"column":312}},{"start":{"line":16,"column":312},"end":{"line":16,"column":312}}]},"5":{"line":16,"type":"binary-expr","locations":[{"start":{"line":16,"column":316},"end":{"line":16,"column":319}},{"start":{"line":16,"column":323},"end":{"line":16,"column":343}}]},"6":{"line":16,"type":"if","locations":[{"start":{"line":16,"column":373},"end":{"line":16,"column":373}},{"start":{"line":16,"column":373},"end":{"line":16,"column":373}}]},"7":{"line":18,"type":"if","locations":[{"start":{"line":18,"column":32},"end":{"line":18,"column":32}},{"start":{"line":18,"column":32},"end":{"line":18,"column":32}}]},"8":{"line":46,"type":"cond-expr","locations":[{"start":{"line":46,"column":66},"end":{"line":46,"column":78}},{"start":{"line":46,"column":81},"end":{"line":46,"column":92}}]},"9":{"line":46,"type":"binary-expr","locations":[{"start":{"line":46,"column":13},"end":{"line":46,"column":33}},{"start":{"line":46,"column":37},"end":{"line":46,"column":63}}]},"10":{"line":47,"type":"cond-expr","locations":[{"start":{"line":47,"column":69},"end":{"line":47,"column":81}},{"start":{"line":47,"column":84},"end":{"line":47,"column":86}}]},"11":{"line":47,"type":"binary-expr","locations":[{"start":{"line":47,"column":16},"end":{"line":47,"column":36}},{"start":{"line":47,"column":40},"end":{"line":47,"column":66}}]},"12":{"line":48,"type":"cond-expr","locations":[{"start":{"line":48,"column":67},"end":{"line":48,"column":79}},{"start":{"line":48,"column":82},"end":{"line":48,"column":87}}]},"13":{"line":48,"type":"binary-expr","locations":[{"start":{"line":48,"column":14},"end":{"line":48,"column":34}},{"start":{"line":48,"column":38},"end":{"line":48,"column":64}}]},"14":{"line":50,"type":"if","locations":[{"start":{"line":50,"column":2},"end":{"line":50,"column":2}},{"start":{"line":50,"column":2},"end":{"line":50,"column":2}}]},"15":{"line":55,"type":"if","locations":[{"start":{"line":55,"column":4},"end":{"line":55,"column":4}},{"start":{"line":55,"column":4},"end":{"line":55,"column":4}}]},"16":{"line":58,"type":"if","locations":[{"start":{"line":58,"column":11},"end":{"line":58,"column":11}},{"start":{"line":58,"column":11},"end":{"line":58,"column":11}}]},"17":{"line":69,"type":"if","locations":[{"start":{"line":69,"column":2},"end":{"line":69,"column":2}},{"start":{"line":69,"column":2},"end":{"line":69,"column":2}}]},"18":{"line":69,"type":"binary-expr","locations":[{"start":{"line":69,"column":6},"end":{"line":69,"column":25}},{"start":{"line":69,"column":29},"end":{"line":69,"column":43}}]},"19":{"line":90,"type":"if","locations":[{"start":{"line":90,"column":2},"end":{"line":90,"column":2}},{"start":{"line":90,"column":2},"end":{"line":90,"column":2}}]},"20":{"line":92,"type":"if","locations":[{"start":{"line":92,"column":9},"end":{"line":92,"column":9}},{"start":{"line":92,"column":9},"end":{"line":92,"column":9}}]},"21":{"line":102,"type":"if","locations":[{"start":{"line":102,"column":6},"end":{"line":102,"column":6}},{"start":{"line":102,"column":6},"end":{"line":102,"column":6}}]},"22":{"line":114,"type":"if","locations":[{"start":{"line":114,"column":2},"end":{"line":114,"column":2}},{"start":{"line":114,"column":2},"end":{"line":114,"column":2}}]},"23":{"line":114,"type":"binary-expr","locations":[{"start":{"line":114,"column":6},"end":{"line":114,"column":25}},{"start":{"line":114,"column":29},"end":{"line":114,"column":43}}]},"24":{"line":132,"type":"if","locations":[{"start":{"line":132,"column":2},"end":{"line":132,"column":2}},{"start":{"line":132,"column":2},"end":{"line":132,"column":2}}]},"25":{"line":134,"type":"if","locations":[{"start":{"line":134,"column":9},"end":{"line":134,"column":9}},{"start":{"line":134,"column":9},"end":{"line":134,"column":9}}]},"26":{"line":144,"type":"if","locations":[{"start":{"line":144,"column":2},"end":{"line":144,"column":2}},{"start":{"line":144,"column":2},"end":{"line":144,"column":2}}]},"27":{"line":144,"type":"binary-expr","locations":[{"start":{"line":144,"column":6},"end":{"line":144,"column":25}},{"start":{"line":144,"column":29},"end":{"line":144,"column":43}}]},"28":{"line":157,"type":"if","locations":[{"start":{"line":157,"column":2},"end":{"line":157,"column":2}},{"start":{"line":157,"column":2},"end":{"line":157,"column":2}}]},"29":{"line":160,"type":"switch","locations":[{"start":{"line":161,"column":6},"end":{"line":163,"column":14}},{"start":{"line":165,"column":6},"end":{"line":167,"column":14}},{"start":{"line":169,"column":6},"end":{"line":171,"column":14}},{"start":{"line":173,"column":6},"end":{"line":175,"column":14}}]},"30":{"line":183,"type":"if","locations":[{"start":{"line":183,"column":2},"end":{"line":183,"column":2}},{"start":{"line":183,"column":2},"end":{"line":183,"column":2}}]},"31":{"line":192,"type":"if","locations":[{"start":{"line":192,"column":2},"end":{"line":192,"column":2}},{"start":{"line":192,"column":2},"end":{"line":192,"column":2}}]}}}}