{"C:\\Users\\WorkHorse\\Documents\\Development\\rural\\dist\\index.test.js":{"path":"C:\\Users\\WorkHorse\\Documents\\Development\\rural\\dist\\index.test.js","s":{"1":1,"2":1,"3":1,"4":1,"5":1,"6":1,"7":0,"8":0,"9":0,"10":0,"11":0,"12":0,"13":1,"14":1,"15":1,"16":0,"17":0,"18":0,"19":0,"20":0,"21":0,"22":0,"23":0,"24":0,"25":0,"26":0,"27":0,"28":0,"29":0,"30":0,"31":0,"32":0,"33":1,"34":1,"35":1,"36":1,"37":1,"38":1,"39":1,"40":1,"41":1,"42":1,"43":1,"44":1,"45":1,"46":1,"47":1,"48":1,"49":1,"50":1,"51":1,"52":1,"53":1,"54":1,"55":1,"56":1,"57":1,"58":1,"59":1,"60":1,"61":1,"62":1,"63":1,"64":1,"65":1,"66":1,"67":1,"68":1,"69":1,"70":1,"71":1,"72":1,"73":1,"74":1,"75":1,"76":1,"77":1,"78":1,"79":1,"80":1,"81":1,"82":1,"83":1,"84":1,"85":1,"86":1,"87":1,"88":1,"89":1,"90":1,"91":1,"92":1,"93":1,"94":1,"95":1,"96":1,"97":1,"98":1,"99":1,"100":1,"101":1,"102":1,"103":1,"104":1,"105":1,"106":1,"107":1,"108":1,"109":1,"110":1,"111":1,"112":1,"113":1,"114":1,"115":1,"116":1,"117":1,"118":1,"119":1},"b":{"1":[1,0],"2":[1,1],"3":[0,0],"4":[1,0],"5":[1,1],"6":[0,0],"7":[0,0,0],"8":[0,0],"9":[0,0],"10":[0,0],"11":[0,0],"12":[0,0],"13":[0,0],"14":[0,0,0],"15":[0,0]},"f":{"1":1,"2":0,"3":0,"4":1},"fnMap":{"1":{"name":"_interopRequireDefault","line":9,"loc":{"start":{"line":9,"column":0},"end":{"line":9,"column":37}}},"2":{"name":"_getRequireWildcardCache","line":11,"loc":{"start":{"line":11,"column":0},"end":{"line":11,"column":36}}},"3":{"name":"_getRequireWildcardCache","line":11,"loc":{"start":{"line":11,"column":140},"end":{"line":11,"column":176}}},"4":{"name":"_interopRequireWildcard","line":13,"loc":{"start":{"line":13,"column":0},"end":{"line":13,"column":38}}}},"statementMap":{"1":{"start":{"line":3,"column":0},"end":{"line":3,"column":28}},"2":{"start":{"line":5,"column":0},"end":{"line":5,"column":57}},"3":{"start":{"line":7,"column":0},"end":{"line":7,"column":63}},"4":{"start":{"line":9,"column":0},"end":{"line":9,"column":95}},"5":{"start":{"line":9,"column":39},"end":{"line":9,"column":93}},"6":{"start":{"line":11,"column":0},"end":{"line":11,"column":210}},"7":{"start":{"line":11,"column":38},"end":{"line":11,"column":85}},"8":{"start":{"line":11,"column":73},"end":{"line":11,"column":85}},"9":{"start":{"line":11,"column":86},"end":{"line":11,"column":112}},"10":{"start":{"line":11,"column":113},"end":{"line":11,"column":194}},"11":{"start":{"line":11,"column":178},"end":{"line":11,"column":191}},"12":{"start":{"line":11,"column":195},"end":{"line":11,"column":208}},"13":{"start":{"line":13,"column":0},"end":{"line":13,"column":743}},"14":{"start":{"line":13,"column":40},"end":{"line":13,"column":82}},"15":{"start":{"line":13,"column":69},"end":{"line":13,"column":80}},"16":{"start":{"line":13,"column":83},"end":{"line":13,"column":185}},"17":{"start":{"line":13,"column":159},"end":{"line":13,"column":183}},"18":{"start":{"line":13,"column":186},"end":{"line":13,"column":225}},"19":{"start":{"line":13,"column":226},"end":{"line":13,"column":281}},"20":{"start":{"line":13,"column":257},"end":{"line":13,"column":279}},"21":{"start":{"line":13,"column":282},"end":{"line":13,"column":298}},"22":{"start":{"line":13,"column":299},"end":{"line":13,"column":384}},"23":{"start":{"line":13,"column":385},"end":{"line":13,"column":665}},"24":{"start":{"line":13,"column":408},"end":{"line":13,"column":663}},"25":{"start":{"line":13,"column":462},"end":{"line":13,"column":546}},"26":{"start":{"line":13,"column":547},"end":{"line":13,"column":661}},"27":{"start":{"line":13,"column":585},"end":{"line":13,"column":626}},"28":{"start":{"line":13,"column":636},"end":{"line":13,"column":659}},"29":{"start":{"line":13,"column":666},"end":{"line":13,"column":687}},"30":{"start":{"line":13,"column":688},"end":{"line":13,"column":726}},"31":{"start":{"line":13,"column":701},"end":{"line":13,"column":724}},"32":{"start":{"line":13,"column":727},"end":{"line":13,"column":741}},"33":{"start":{"line":16,"column":0},"end":{"line":16,"column":49}},"34":{"start":{"line":18,"column":0},"end":{"line":18,"column":61}},"35":{"start":{"line":20,"column":0},"end":{"line":20,"column":53}},"36":{"start":{"line":26,"column":0},"end":{"line":31,"column":3}},"37":{"start":{"line":27,"column":2},"end":{"line":30,"column":5}},"38":{"start":{"line":28,"column":4},"end":{"line":28,"column":37}},"39":{"start":{"line":29,"column":4},"end":{"line":29,"column":45}},"40":{"start":{"line":36,"column":0},"end":{"line":54,"column":3}},"41":{"start":{"line":37,"column":2},"end":{"line":41,"column":5}},"42":{"start":{"line":38,"column":4},"end":{"line":38,"column":36}},"43":{"start":{"line":39,"column":4},"end":{"line":39,"column":45}},"44":{"start":{"line":40,"column":4},"end":{"line":40,"column":48}},"45":{"start":{"line":42,"column":2},"end":{"line":45,"column":5}},"46":{"start":{"line":43,"column":4},"end":{"line":43,"column":41}},"47":{"start":{"line":44,"column":4},"end":{"line":44,"column":57}},"48":{"start":{"line":46,"column":2},"end":{"line":49,"column":5}},"49":{"start":{"line":47,"column":4},"end":{"line":47,"column":40}},"50":{"start":{"line":48,"column":4},"end":{"line":48,"column":57}},"51":{"start":{"line":50,"column":2},"end":{"line":53,"column":5}},"52":{"start":{"line":51,"column":4},"end":{"line":51,"column":39}},"53":{"start":{"line":52,"column":4},"end":{"line":52,"column":39}},"54":{"start":{"line":59,"column":0},"end":{"line":76,"column":3}},"55":{"start":{"line":60,"column":2},"end":{"line":63,"column":5}},"56":{"start":{"line":61,"column":4},"end":{"line":61,"column":43}},"57":{"start":{"line":62,"column":4},"end":{"line":62,"column":46}},"58":{"start":{"line":64,"column":2},"end":{"line":67,"column":5}},"59":{"start":{"line":65,"column":4},"end":{"line":65,"column":44}},"60":{"start":{"line":66,"column":4},"end":{"line":66,"column":45}},"61":{"start":{"line":68,"column":2},"end":{"line":71,"column":5}},"62":{"start":{"line":69,"column":4},"end":{"line":69,"column":46}},"63":{"start":{"line":70,"column":4},"end":{"line":70,"column":41}},"64":{"start":{"line":72,"column":2},"end":{"line":75,"column":5}},"65":{"start":{"line":73,"column":4},"end":{"line":73,"column":39}},"66":{"start":{"line":74,"column":4},"end":{"line":74,"column":41}},"67":{"start":{"line":82,"column":0},"end":{"line":99,"column":3}},"68":{"start":{"line":83,"column":2},"end":{"line":86,"column":5}},"69":{"start":{"line":84,"column":4},"end":{"line":84,"column":44}},"70":{"start":{"line":85,"column":4},"end":{"line":85,"column":57}},"71":{"start":{"line":87,"column":2},"end":{"line":90,"column":5}},"72":{"start":{"line":88,"column":4},"end":{"line":88,"column":45}},"73":{"start":{"line":89,"column":4},"end":{"line":89,"column":49}},"74":{"start":{"line":91,"column":2},"end":{"line":94,"column":5}},"75":{"start":{"line":92,"column":4},"end":{"line":92,"column":47}},"76":{"start":{"line":93,"column":4},"end":{"line":93,"column":41}},"77":{"start":{"line":95,"column":2},"end":{"line":98,"column":5}},"78":{"start":{"line":96,"column":4},"end":{"line":96,"column":40}},"79":{"start":{"line":97,"column":4},"end":{"line":97,"column":41}},"80":{"start":{"line":105,"column":0},"end":{"line":126,"column":3}},"81":{"start":{"line":106,"column":2},"end":{"line":109,"column":5}},"82":{"start":{"line":107,"column":4},"end":{"line":107,"column":45}},"83":{"start":{"line":108,"column":4},"end":{"line":108,"column":50}},"84":{"start":{"line":110,"column":2},"end":{"line":113,"column":5}},"85":{"start":{"line":111,"column":4},"end":{"line":111,"column":44}},"86":{"start":{"line":112,"column":4},"end":{"line":112,"column":54}},"87":{"start":{"line":114,"column":2},"end":{"line":117,"column":5}},"88":{"start":{"line":115,"column":4},"end":{"line":115,"column":46}},"89":{"start":{"line":116,"column":4},"end":{"line":116,"column":50}},"90":{"start":{"line":118,"column":2},"end":{"line":121,"column":5}},"91":{"start":{"line":119,"column":4},"end":{"line":119,"column":51}},"92":{"start":{"line":120,"column":4},"end":{"line":120,"column":41}},"93":{"start":{"line":122,"column":2},"end":{"line":125,"column":5}},"94":{"start":{"line":123,"column":4},"end":{"line":123,"column":39}},"95":{"start":{"line":124,"column":4},"end":{"line":124,"column":41}},"96":{"start":{"line":131,"column":0},"end":{"line":156,"column":3}},"97":{"start":{"line":132,"column":2},"end":{"line":135,"column":5}},"98":{"start":{"line":133,"column":4},"end":{"line":133,"column":50}},"99":{"start":{"line":134,"column":4},"end":{"line":134,"column":62}},"100":{"start":{"line":136,"column":2},"end":{"line":139,"column":5}},"101":{"start":{"line":137,"column":4},"end":{"line":137,"column":46}},"102":{"start":{"line":138,"column":4},"end":{"line":138,"column":56}},"103":{"start":{"line":140,"column":2},"end":{"line":143,"column":5}},"104":{"start":{"line":141,"column":4},"end":{"line":141,"column":47}},"105":{"start":{"line":142,"column":4},"end":{"line":142,"column":57}},"106":{"start":{"line":144,"column":2},"end":{"line":147,"column":5}},"107":{"start":{"line":145,"column":4},"end":{"line":145,"column":56}},"108":{"start":{"line":146,"column":4},"end":{"line":146,"column":48}},"109":{"start":{"line":148,"column":2},"end":{"line":151,"column":5}},"110":{"start":{"line":149,"column":4},"end":{"line":149,"column":56}},"111":{"start":{"line":150,"column":4},"end":{"line":150,"column":57}},"112":{"start":{"line":152,"column":2},"end":{"line":155,"column":5}},"113":{"start":{"line":153,"column":4},"end":{"line":153,"column":48}},"114":{"start":{"line":154,"column":4},"end":{"line":154,"column":43}},"115":{"start":{"line":161,"column":0},"end":{"line":167,"column":3}},"116":{"start":{"line":162,"column":2},"end":{"line":166,"column":5}},"117":{"start":{"line":163,"column":4},"end":{"line":163,"column":51}},"118":{"start":{"line":164,"column":4},"end":{"line":164,"column":55}},"119":{"start":{"line":165,"column":4},"end":{"line":165,"column":51}}},"branchMap":{"1":{"line":9,"type":"cond-expr","locations":[{"start":{"line":9,"column":70},"end":{"line":9,"column":73}},{"start":{"line":9,"column":76},"end":{"line":9,"column":92}}]},"2":{"line":9,"type":"binary-expr","locations":[{"start":{"line":9,"column":46},"end":{"line":9,"column":49}},{"start":{"line":9,"column":53},"end":{"line":9,"column":67}}]},"3":{"line":11,"type":"if","locations":[{"start":{"line":11,"column":38},"end":{"line":11,"column":38}},{"start":{"line":11,"column":38},"end":{"line":11,"column":38}}]},"4":{"line":13,"type":"if","locations":[{"start":{"line":13,"column":40},"end":{"line":13,"column":40}},{"start":{"line":13,"column":40},"end":{"line":13,"column":40}}]},"5":{"line":13,"type":"binary-expr","locations":[{"start":{"line":13,"column":44},"end":{"line":13,"column":47}},{"start":{"line":13,"column":51},"end":{"line":13,"column":65}}]},"6":{"line":13,"type":"if","locations":[{"start":{"line":13,"column":83},"end":{"line":13,"column":83}},{"start":{"line":13,"column":83},"end":{"line":13,"column":83}}]},"7":{"line":13,"type":"binary-expr","locations":[{"start":{"line":13,"column":87},"end":{"line":13,"column":99}},{"start":{"line":13,"column":103},"end":{"line":13,"column":126}},{"start":{"line":13,"column":130},"end":{"line":13,"column":155}}]},"8":{"line":13,"type":"if","locations":[{"start":{"line":13,"column":226},"end":{"line":13,"column":226}},{"start":{"line":13,"column":226},"end":{"line":13,"column":226}}]},"9":{"line":13,"type":"binary-expr","locations":[{"start":{"line":13,"column":230},"end":{"line":13,"column":235}},{"start":{"line":13,"column":239},"end":{"line":13,"column":253}}]},"10":{"line":13,"type":"binary-expr","locations":[{"start":{"line":13,"column":327},"end":{"line":13,"column":348}},{"start":{"line":13,"column":352},"end":{"line":13,"column":383}}]},"11":{"line":13,"type":"if","locations":[{"start":{"line":13,"column":408},"end":{"line":13,"column":408}},{"start":{"line":13,"column":408},"end":{"line":13,"column":408}}]},"12":{"line":13,"type":"cond-expr","locations":[{"start":{"line":13,"column":497},"end":{"line":13,"column":538}},{"start":{"line":13,"column":541},"end":{"line":13,"column":545}}]},"13":{"line":13,"type":"if","locations":[{"start":{"line":13,"column":547},"end":{"line":13,"column":547}},{"start":{"line":13,"column":547},"end":{"line":13,"column":547}}]},"14":{"line":13,"type":"binary-expr","locations":[{"start":{"line":13,"column":551},"end":{"line":13,"column":555}},{"start":{"line":13,"column":560},"end":{"line":13,"column":568}},{"start":{"line":13,"column":572},"end":{"line":13,"column":580}}]},"15":{"line":13,"type":"if","locations":[{"start":{"line":13,"column":688},"end":{"line":13,"column":688}},{"start":{"line":13,"column":688},"end":{"line":13,"column":688}}]}}},"C:\\Users\\WorkHorse\\Documents\\Development\\rural\\dist\\index.js":{"path":"C:\\Users\\WorkHorse\\Documents\\Development\\rural\\dist\\index.js","s":{"1":1,"2":1,"3":1,"4":1,"5":1,"6":1,"7":1,"8":1,"9":1,"10":1,"11":5,"12":5,"13":5,"14":5,"15":2,"16":3,"17":3,"18":1,"19":2,"20":1,"21":1,"22":1,"23":1,"24":1,"25":6,"26":1,"27":5,"28":5,"29":1,"30":4,"31":3,"32":3,"33":750,"34":3,"35":3,"36":1,"37":1,"38":1,"39":4,"40":1,"41":3,"42":3,"43":1,"44":2,"45":1,"46":1,"47":1,"48":1,"49":1,"50":5,"51":4,"52":4,"53":1,"54":1,"55":1,"56":1,"57":1,"58":1,"59":1,"60":1,"61":6,"62":1,"63":5,"64":5,"65":697,"66":5,"67":2,"68":3,"69":3},"b":{"1":[3,2],"2":[5,3],"3":[0,5],"4":[5,0],"5":[0,5],"6":[5,0],"7":[2,3],"8":[1,2],"9":[1,1],"10":[1,5],"11":[1,4],"12":[3,1],"13":[3,747],"14":[1,3],"15":[1,2],"16":[1,1],"17":[4,1],"18":[1,1,1,1],"19":[1,5],"20":[2,3]},"f":{"1":5,"2":6,"3":4,"4":5,"5":6},"fnMap":{"1":{"name":"_default","line":37,"loc":{"start":{"line":37,"column":0},"end":{"line":37,"column":20}}},"2":{"name":"Iso","line":69,"loc":{"start":{"line":69,"column":0},"end":{"line":69,"column":35}}},"3":{"name":"Name","line":102,"loc":{"start":{"line":102,"column":0},"end":{"line":102,"column":36}}},"4":{"name":"rawset","line":127,"loc":{"start":{"line":127,"column":0},"end":{"line":127,"column":22}}},"5":{"name":"currencyCode","line":151,"loc":{"start":{"line":151,"column":0},"end":{"line":151,"column":28}}}},"statementMap":{"1":{"start":{"line":3,"column":0},"end":{"line":5,"column":3}},"2":{"start":{"line":6,"column":0},"end":{"line":6,"column":27}},"3":{"start":{"line":7,"column":0},"end":{"line":7,"column":37}},"4":{"start":{"line":8,"column":0},"end":{"line":8,"column":40}},"5":{"start":{"line":9,"column":0},"end":{"line":9,"column":43}},"6":{"start":{"line":10,"column":0},"end":{"line":10,"column":60}},"7":{"start":{"line":19,"column":0},"end":{"line":19,"column":53}},"8":{"start":{"line":21,"column":0},"end":{"line":21,"column":61}},"9":{"start":{"line":23,"column":0},"end":{"line":23,"column":49}},"10":{"start":{"line":37,"column":0},"end":{"line":59,"column":1}},"11":{"start":{"line":38,"column":2},"end":{"line":38,"column":93}},"12":{"start":{"line":39,"column":2},"end":{"line":39,"column":87}},"13":{"start":{"line":40,"column":2},"end":{"line":40,"column":88}},"14":{"start":{"line":42,"column":2},"end":{"line":58,"column":3}},"15":{"start":{"line":43,"column":4},"end":{"line":43,"column":21}},"16":{"start":{"line":45,"column":4},"end":{"line":45,"column":39}},"17":{"start":{"line":47,"column":4},"end":{"line":57,"column":5}},"18":{"start":{"line":49,"column":6},"end":{"line":49,"column":34}},"19":{"start":{"line":50,"column":11},"end":{"line":57,"column":5}},"20":{"start":{"line":52,"column":6},"end":{"line":52,"column":35}},"21":{"start":{"line":53,"column":6},"end":{"line":53,"column":43}},"22":{"start":{"line":55,"column":6},"end":{"line":55,"column":87}},"23":{"start":{"line":56,"column":6},"end":{"line":56,"column":19}},"24":{"start":{"line":69,"column":0},"end":{"line":94,"column":1}},"25":{"start":{"line":70,"column":2},"end":{"line":72,"column":3}},"26":{"start":{"line":71,"column":4},"end":{"line":71,"column":17}},"27":{"start":{"line":75,"column":2},"end":{"line":75,"column":37}},"28":{"start":{"line":77,"column":2},"end":{"line":93,"column":3}},"29":{"start":{"line":78,"column":4},"end":{"line":78,"column":47}},"30":{"start":{"line":79,"column":9},"end":{"line":93,"column":3}},"31":{"start":{"line":81,"column":4},"end":{"line":81,"column":18}},"32":{"start":{"line":83,"column":4},"end":{"line":87,"column":5}},"33":{"start":{"line":84,"column":6},"end":{"line":86,"column":7}},"34":{"start":{"line":85,"column":8},"end":{"line":85,"column":30}},"35":{"start":{"line":89,"column":4},"end":{"line":89,"column":16}},"36":{"start":{"line":91,"column":4},"end":{"line":91,"column":82}},"37":{"start":{"line":92,"column":4},"end":{"line":92,"column":17}},"38":{"start":{"line":102,"column":0},"end":{"line":120,"column":1}},"39":{"start":{"line":103,"column":2},"end":{"line":105,"column":3}},"40":{"start":{"line":104,"column":4},"end":{"line":104,"column":17}},"41":{"start":{"line":108,"column":2},"end":{"line":108,"column":37}},"42":{"start":{"line":110,"column":2},"end":{"line":119,"column":3}},"43":{"start":{"line":111,"column":4},"end":{"line":111,"column":43}},"44":{"start":{"line":112,"column":9},"end":{"line":119,"column":3}},"45":{"start":{"line":113,"column":4},"end":{"line":113,"column":43}},"46":{"start":{"line":115,"column":4},"end":{"line":115,"column":39}},"47":{"start":{"line":117,"column":4},"end":{"line":117,"column":93}},"48":{"start":{"line":118,"column":4},"end":{"line":118,"column":17}},"49":{"start":{"line":127,"column":0},"end":{"line":149,"column":1}},"50":{"start":{"line":128,"column":2},"end":{"line":148,"column":3}},"51":{"start":{"line":129,"column":4},"end":{"line":129,"column":39}},"52":{"start":{"line":131,"column":4},"end":{"line":144,"column":5}},"53":{"start":{"line":133,"column":8},"end":{"line":133,"column":25}},"54":{"start":{"line":136,"column":8},"end":{"line":136,"column":29}},"55":{"start":{"line":139,"column":8},"end":{"line":139,"column":25}},"56":{"start":{"line":142,"column":8},"end":{"line":142,"column":102}},"57":{"start":{"line":143,"column":8},"end":{"line":143,"column":21}},"58":{"start":{"line":146,"column":4},"end":{"line":146,"column":98}},"59":{"start":{"line":147,"column":4},"end":{"line":147,"column":17}},"60":{"start":{"line":151,"column":0},"end":{"line":179,"column":1}},"61":{"start":{"line":152,"column":2},"end":{"line":154,"column":3}},"62":{"start":{"line":153,"column":4},"end":{"line":153,"column":17}},"63":{"start":{"line":156,"column":2},"end":{"line":156,"column":40}},"64":{"start":{"line":157,"column":2},"end":{"line":159,"column":5}},"65":{"start":{"line":158,"column":4},"end":{"line":158,"column":51}},"66":{"start":{"line":161,"column":2},"end":{"line":166,"column":3}},"67":{"start":{"line":162,"column":4},"end":{"line":165,"column":6}},"68":{"start":{"line":168,"column":2},"end":{"line":177,"column":4}},"69":{"start":{"line":178,"column":2},"end":{"line":178,"column":23}}},"branchMap":{"1":{"line":38,"type":"cond-expr","locations":[{"start":{"line":38,"column":66},"end":{"line":38,"column":78}},{"start":{"line":38,"column":81},"end":{"line":38,"column":92}}]},"2":{"line":38,"type":"binary-expr","locations":[{"start":{"line":38,"column":13},"end":{"line":38,"column":33}},{"start":{"line":38,"column":37},"end":{"line":38,"column":63}}]},"3":{"line":39,"type":"cond-expr","locations":[{"start":{"line":39,"column":69},"end":{"line":39,"column":81}},{"start":{"line":39,"column":84},"end":{"line":39,"column":86}}]},"4":{"line":39,"type":"binary-expr","locations":[{"start":{"line":39,"column":16},"end":{"line":39,"column":36}},{"start":{"line":39,"column":40},"end":{"line":39,"column":66}}]},"5":{"line":40,"type":"cond-expr","locations":[{"start":{"line":40,"column":67},"end":{"line":40,"column":79}},{"start":{"line":40,"column":82},"end":{"line":40,"column":87}}]},"6":{"line":40,"type":"binary-expr","locations":[{"start":{"line":40,"column":14},"end":{"line":40,"column":34}},{"start":{"line":40,"column":38},"end":{"line":40,"column":64}}]},"7":{"line":42,"type":"if","locations":[{"start":{"line":42,"column":2},"end":{"line":42,"column":2}},{"start":{"line":42,"column":2},"end":{"line":42,"column":2}}]},"8":{"line":47,"type":"if","locations":[{"start":{"line":47,"column":4},"end":{"line":47,"column":4}},{"start":{"line":47,"column":4},"end":{"line":47,"column":4}}]},"9":{"line":50,"type":"if","locations":[{"start":{"line":50,"column":11},"end":{"line":50,"column":11}},{"start":{"line":50,"column":11},"end":{"line":50,"column":11}}]},"10":{"line":70,"type":"if","locations":[{"start":{"line":70,"column":2},"end":{"line":70,"column":2}},{"start":{"line":70,"column":2},"end":{"line":70,"column":2}}]},"11":{"line":77,"type":"if","locations":[{"start":{"line":77,"column":2},"end":{"line":77,"column":2}},{"start":{"line":77,"column":2},"end":{"line":77,"column":2}}]},"12":{"line":79,"type":"if","locations":[{"start":{"line":79,"column":9},"end":{"line":79,"column":9}},{"start":{"line":79,"column":9},"end":{"line":79,"column":9}}]},"13":{"line":84,"type":"if","locations":[{"start":{"line":84,"column":6},"end":{"line":84,"column":6}},{"start":{"line":84,"column":6},"end":{"line":84,"column":6}}]},"14":{"line":103,"type":"if","locations":[{"start":{"line":103,"column":2},"end":{"line":103,"column":2}},{"start":{"line":103,"column":2},"end":{"line":103,"column":2}}]},"15":{"line":110,"type":"if","locations":[{"start":{"line":110,"column":2},"end":{"line":110,"column":2}},{"start":{"line":110,"column":2},"end":{"line":110,"column":2}}]},"16":{"line":112,"type":"if","locations":[{"start":{"line":112,"column":9},"end":{"line":112,"column":9}},{"start":{"line":112,"column":9},"end":{"line":112,"column":9}}]},"17":{"line":128,"type":"if","locations":[{"start":{"line":128,"column":2},"end":{"line":128,"column":2}},{"start":{"line":128,"column":2},"end":{"line":128,"column":2}}]},"18":{"line":131,"type":"switch","locations":[{"start":{"line":132,"column":6},"end":{"line":133,"column":25}},{"start":{"line":135,"column":6},"end":{"line":136,"column":29}},{"start":{"line":138,"column":6},"end":{"line":139,"column":25}},{"start":{"line":141,"column":6},"end":{"line":143,"column":21}}]},"19":{"line":152,"type":"if","locations":[{"start":{"line":152,"column":2},"end":{"line":152,"column":2}},{"start":{"line":152,"column":2},"end":{"line":152,"column":2}}]},"20":{"line":161,"type":"if","locations":[{"start":{"line":161,"column":2},"end":{"line":161,"column":2}},{"start":{"line":161,"column":2},"end":{"line":161,"column":2}}]}}}}