TN:
SF:C:\Users\WorkHorse\Documents\Development\rural\dist\index.test.js
FN:9,_interopRequireDefault
FN:11,_getRequireWildcardCache
FN:11,_getRequireWildcardCache
FN:13,_interopRequireWildcard
FNF:4
FNH:2
FNDA:1,_interopRequireDefault
FNDA:0,_getRequireWildcardCache
FNDA:0,_getRequireWildcardCache
FNDA:1,_interopRequireWildcard
DA:3,1
DA:5,1
DA:7,1
DA:9,1
DA:11,1
DA:13,1
DA:16,1
DA:18,1
DA:20,1
DA:26,1
DA:27,1
DA:28,1
DA:29,1
DA:36,1
DA:37,1
DA:38,1
DA:39,1
DA:40,1
DA:42,1
DA:43,1
DA:44,1
DA:46,1
DA:47,1
DA:48,1
DA:50,1
DA:51,1
DA:52,1
DA:59,1
DA:60,1
DA:61,1
DA:62,1
DA:64,1
DA:65,1
DA:66,1
DA:68,1
DA:69,1
DA:70,1
DA:72,1
DA:73,1
DA:74,1
DA:82,1
DA:83,1
DA:84,1
DA:85,1
DA:87,1
DA:88,1
DA:89,1
DA:91,1
DA:92,1
DA:93,1
DA:95,1
DA:96,1
DA:97,1
DA:105,1
DA:106,1
DA:107,1
DA:108,1
DA:110,1
DA:111,1
DA:112,1
DA:114,1
DA:115,1
DA:116,1
DA:118,1
DA:119,1
DA:120,1
DA:122,1
DA:123,1
DA:124,1
DA:131,1
DA:132,1
DA:133,1
DA:134,1
DA:136,1
DA:137,1
DA:138,1
DA:140,1
DA:141,1
DA:142,1
DA:144,1
DA:145,1
DA:146,1
DA:148,1
DA:149,1
DA:150,1
DA:152,1
DA:153,1
DA:154,1
DA:161,1
DA:162,1
DA:163,1
DA:164,1
DA:165,1
LF:93
LH:93
BRDA:9,1,0,1
BRDA:9,1,1,0
BRDA:9,2,0,1
BRDA:9,2,1,1
BRDA:11,3,0,0
BRDA:11,3,1,0
BRDA:13,4,0,1
BRDA:13,4,1,0
BRDA:13,5,0,1
BRDA:13,5,1,1
BRDA:13,6,0,0
BRDA:13,6,1,0
BRDA:13,7,0,0
BRDA:13,7,1,0
BRDA:13,7,2,0
BRDA:13,8,0,0
BRDA:13,8,1,0
BRDA:13,9,0,0
BRDA:13,9,1,0
BRDA:13,10,0,0
BRDA:13,10,1,0
BRDA:13,11,0,0
BRDA:13,11,1,0
BRDA:13,12,0,0
BRDA:13,12,1,0
BRDA:13,13,0,0
BRDA:13,13,1,0
BRDA:13,14,0,0
BRDA:13,14,1,0
BRDA:13,14,2,0
BRDA:13,15,0,0
BRDA:13,15,1,0
BRF:32
BRH:6
end_of_record
TN:
SF:C:\Users\WorkHorse\Documents\Development\rural\dist\index.js
FN:37,_default
FN:69,Iso
FN:102,Name
FN:127,rawset
FN:151,currencyCode
FNF:5
FNH:5
FNDA:5,_default
FNDA:6,Iso
FNDA:4,Name
FNDA:5,rawset
FNDA:6,currencyCode
DA:3,1
DA:6,1
DA:7,1
DA:8,1
DA:9,1
DA:10,1
DA:19,1
DA:21,1
DA:23,1
DA:37,1
DA:38,5
DA:39,5
DA:40,5
DA:42,5
DA:43,2
DA:45,3
DA:47,3
DA:49,1
DA:50,2
DA:52,1
DA:53,1
DA:55,1
DA:56,1
DA:69,1
DA:70,6
DA:71,1
DA:75,5
DA:77,5
DA:78,1
DA:79,4
DA:81,3
DA:83,3
DA:84,750
DA:85,3
DA:89,3
DA:91,1
DA:92,1
DA:102,1
DA:103,4
DA:104,1
DA:108,3
DA:110,3
DA:111,1
DA:112,2
DA:113,1
DA:115,1
DA:117,1
DA:118,1
DA:127,1
DA:128,5
DA:129,4
DA:131,4
DA:133,1
DA:136,1
DA:139,1
DA:142,1
DA:143,1
DA:146,1
DA:147,1
DA:151,1
DA:152,6
DA:153,1
DA:156,5
DA:157,5
DA:158,697
DA:161,5
DA:162,2
DA:168,3
DA:178,3
LF:69
LH:69
BRDA:38,1,0,3
BRDA:38,1,1,2
BRDA:38,2,0,5
BRDA:38,2,1,3
BRDA:39,3,0,0
BRDA:39,3,1,5
BRDA:39,4,0,5
BRDA:39,4,1,0
BRDA:40,5,0,0
BRDA:40,5,1,5
BRDA:40,6,0,5
BRDA:40,6,1,0
BRDA:42,7,0,2
BRDA:42,7,1,3
BRDA:47,8,0,1
BRDA:47,8,1,2
BRDA:50,9,0,1
BRDA:50,9,1,1
BRDA:70,10,0,1
BRDA:70,10,1,5
BRDA:77,11,0,1
BRDA:77,11,1,4
BRDA:79,12,0,3
BRDA:79,12,1,1
BRDA:84,13,0,3
BRDA:84,13,1,747
BRDA:103,14,0,1
BRDA:103,14,1,3
BRDA:110,15,0,1
BRDA:110,15,1,2
BRDA:112,16,0,1
BRDA:112,16,1,1
BRDA:128,17,0,4
BRDA:128,17,1,1
BRDA:131,18,0,1
BRDA:131,18,1,1
BRDA:131,18,2,1
BRDA:131,18,3,1
BRDA:152,19,0,1
BRDA:152,19,1,5
BRDA:161,20,0,2
BRDA:161,20,1,3
BRF:42
BRH:38
end_of_record
