TN:
SF:/Users/leighbarnes/Documents/01.Development/Personal/rural/dist/index.test.js
FN:9,_interopRequireDefault
FN:11,_interopRequireWildcard
FNF:2
FNH:2
FNDA:1,_interopRequireDefault
FNDA:1,_interopRequireWildcard
DA:3,1
DA:5,1
DA:7,1
DA:9,1
DA:11,1
DA:18,1
DA:19,1
DA:20,1
DA:21,1
DA:28,1
DA:29,1
DA:30,1
DA:31,1
DA:33,1
DA:34,1
DA:35,1
DA:42,1
DA:43,1
DA:44,1
DA:45,1
DA:47,1
DA:48,1
DA:49,1
DA:51,1
DA:52,1
DA:53,1
DA:55,1
DA:56,1
DA:57,1
DA:59,1
DA:60,1
DA:61,1
LF:32
LH:32
BRDA:9,1,0,1
BRDA:9,1,1,0
BRDA:9,2,0,1
BRDA:9,2,1,1
BRDA:11,3,0,1
BRDA:11,3,1,0
BRDA:11,4,0,1
BRDA:11,4,1,1
BRDA:11,5,0,0
BRDA:11,5,1,0
BRDA:11,6,0,0
BRDA:11,6,1,0
BRDA:11,7,0,0
BRDA:11,7,1,0
BRDA:11,8,0,0
BRDA:11,8,1,0
BRDA:11,9,0,0
BRDA:11,9,1,0
BRDA:11,10,0,0
BRDA:11,10,1,0
BRF:20
BRH:6
end_of_record
TN:
SF:/Users/leighbarnes/Documents/01.Development/Personal/rural/dist/index.js
FN:12,_slicedToArray
FN:14,_nonIterableRest
FN:16,_iterableToArrayLimit
FN:18,_arrayWithHoles
FN:45,_default
FN:86,Iso
FN:128,Name
FN:156,rawset
FN:182,currencyCode
FNF:9
FNH:5
FNDA:250,_slicedToArray
FNDA:0,_nonIterableRest
FNDA:0,_iterableToArrayLimit
FNDA:250,_arrayWithHoles
FNDA:3,_default
FNDA:1,Iso
FNDA:0,Name
FNDA:0,rawset
FNDA:5,currencyCode
DA:3,1
DA:6,1
DA:7,1
DA:8,1
DA:9,1
DA:10,1
DA:12,250
DA:14,1
DA:16,1
DA:18,250
DA:27,1
DA:29,1
DA:31,1
DA:45,1
DA:46,3
DA:47,3
DA:48,3
DA:50,3
DA:51,2
DA:53,1
DA:55,1
DA:57,0
DA:58,1
DA:60,1
DA:61,1
DA:63,0
DA:69,0
DA:70,0
DA:71,0
DA:72,0
DA:73,0
DA:86,1
DA:88,1
DA:90,1
DA:91,0
DA:92,1
DA:94,1
DA:96,1
DA:97,250
DA:99,250
DA:100,250
DA:102,250
DA:103,1
DA:107,1
DA:109,0
DA:114,0
DA:115,0
DA:116,0
DA:117,0
DA:128,1
DA:130,0
DA:132,0
DA:133,0
DA:134,0
DA:135,0
DA:137,0
DA:139,0
DA:144,0
DA:145,0
DA:146,0
DA:156,1
DA:157,0
DA:158,0
DA:160,0
DA:162,0
DA:163,0
DA:166,0
DA:167,0
DA:170,0
DA:171,0
DA:174,0
DA:175,0
DA:178,0
DA:182,1
DA:183,5
DA:184,0
DA:187,5
DA:188,5
DA:189,697
DA:192,5
DA:193,2
DA:199,3
DA:209,3
LF:83
LH:47
BRDA:12,1,0,250
BRDA:12,1,1,0
BRDA:12,1,2,0
BRDA:16,2,0,0
BRDA:16,2,1,0
BRDA:16,3,0,0
BRDA:16,3,1,0
BRDA:16,4,0,0
BRDA:16,4,1,0
BRDA:16,5,0,0
BRDA:16,5,1,0
BRDA:16,6,0,0
BRDA:16,6,1,0
BRDA:18,7,0,250
BRDA:18,7,1,0
BRDA:46,8,0,1
BRDA:46,8,1,2
BRDA:46,9,0,3
BRDA:46,9,1,1
BRDA:47,10,0,0
BRDA:47,10,1,3
BRDA:47,11,0,3
BRDA:47,11,1,0
BRDA:48,12,0,0
BRDA:48,12,1,3
BRDA:48,13,0,3
BRDA:48,13,1,0
BRDA:50,14,0,2
BRDA:50,14,1,1
BRDA:55,15,0,0
BRDA:55,15,1,1
BRDA:58,16,0,1
BRDA:58,16,1,0
BRDA:69,17,0,0
BRDA:69,17,1,0
BRDA:69,18,0,0
BRDA:69,18,1,0
BRDA:90,19,0,0
BRDA:90,19,1,1
BRDA:92,20,0,1
BRDA:92,20,1,0
BRDA:102,21,0,1
BRDA:102,21,1,249
BRDA:114,22,0,0
BRDA:114,22,1,0
BRDA:114,23,0,0
BRDA:114,23,1,0
BRDA:132,24,0,0
BRDA:132,24,1,0
BRDA:134,25,0,0
BRDA:134,25,1,0
BRDA:144,26,0,0
BRDA:144,26,1,0
BRDA:144,27,0,0
BRDA:144,27,1,0
BRDA:157,28,0,0
BRDA:157,28,1,0
BRDA:160,29,0,0
BRDA:160,29,1,0
BRDA:160,29,2,0
BRDA:160,29,3,0
BRDA:183,30,0,0
BRDA:183,30,1,5
BRDA:192,31,0,2
BRDA:192,31,1,3
BRF:65
BRH:21
end_of_record
